[3.930s] DEBUG:colcon:Command line arguments: ['/usr/bin/colcon', 'build']
[3.930s] DEBUG:colcon:Parsed command line arguments: Namespace(allow_overriding=[], ament_cmake_args=None, base_paths=['.'], build_base='build', catkin_cmake_args=None, catkin_skip_building_tests=False, cmake_args=None, cmake_clean_cache=False, cmake_clean_first=False, cmake_force_configure=False, cmake_target=None, cmake_target_skip_unavailable=False, continue_on_error=False, event_handlers=None, executor='parallel', ignore_user_meta=False, install_base='install', log_base=None, log_level=None, main=<bound method BuildVerb.main of <colcon_core.verb.build.BuildVerb object at 0x7f0173a669a0>>, merge_install=False, metas=['./colcon.meta'], packages_above=None, packages_above_and_dependencies=None, packages_above_depth=None, packages_end=None, packages_ignore=None, packages_ignore_regex=None, packages_select=None, packages_select_build_failed=False, packages_select_by_dep=None, packages_select_regex=None, packages_select_test_failures=False, packages_skip=None, packages_skip_build_finished=False, packages_skip_by_dep=None, packages_skip_regex=None, packages_skip_test_passed=False, packages_skip_up_to=None, packages_start=None, packages_up_to=None, packages_up_to_regex=None, parallel_workers=2, paths=None, symlink_install=False, test_result_base=None, verb_extension=<colcon_core.verb.build.BuildVerb object at 0x7f0173a669a0>, verb_name='build', verb_parser=<colcon_defaults.argument_parser.defaults.DefaultArgumentsDecorator object at 0x7f01739b7c10>)
[4.089s] Level 1:colcon.colcon_core.package_discovery:discover_packages(colcon_meta) check parameters
[4.089s] Level 1:colcon.colcon_core.package_discovery:discover_packages(recursive) check parameters
[4.089s] Level 1:colcon.colcon_core.package_discovery:discover_packages(ignore) check parameters
[4.089s] Level 1:colcon.colcon_core.package_discovery:discover_packages(path) check parameters
[4.089s] Level 1:colcon.colcon_core.package_discovery:discover_packages(colcon_meta) discover
[4.090s] Level 1:colcon.colcon_core.package_discovery:discover_packages(recursive) discover
[4.090s] INFO:colcon.colcon_core.package_discovery:Crawling recursively for packages in '/home/pipi/ros2_ws'
[4.090s] Level 1:colcon.colcon_core.package_identification:_identify(.) by extensions ['ignore', 'ignore_ament_install']
[4.090s] Level 1:colcon.colcon_core.package_identification:_identify(.) by extension 'ignore'
[4.090s] Level 1:colcon.colcon_core.package_identification:_identify(.) by extension 'ignore_ament_install'
[4.090s] Level 1:colcon.colcon_core.package_identification:_identify(.) by extensions ['colcon_pkg']
[4.090s] Level 1:colcon.colcon_core.package_identification:_identify(.) by extension 'colcon_pkg'
[4.090s] Level 1:colcon.colcon_core.package_identification:_identify(.) by extensions ['colcon_meta']
[4.090s] Level 1:colcon.colcon_core.package_identification:_identify(.) by extension 'colcon_meta'
[4.090s] Level 1:colcon.colcon_core.package_identification:_identify(.) by extensions ['ros']
[4.090s] Level 1:colcon.colcon_core.package_identification:_identify(.) by extension 'ros'
[4.129s] Level 1:colcon.colcon_core.package_identification:_identify(.) by extensions ['cmake', 'python']
[4.129s] Level 1:colcon.colcon_core.package_identification:_identify(.) by extension 'cmake'
[4.129s] Level 1:colcon.colcon_core.package_identification:_identify(.) by extension 'python'
[4.130s] Level 1:colcon.colcon_core.package_identification:_identify(.) by extensions ['python_setup_py']
[4.130s] Level 1:colcon.colcon_core.package_identification:_identify(.) by extension 'python_setup_py'
[4.130s] Level 1:colcon.colcon_core.package_identification:_identify(build) by extensions ['ignore', 'ignore_ament_install']
[4.130s] Level 1:colcon.colcon_core.package_identification:_identify(build) by extension 'ignore'
[4.130s] Level 1:colcon.colcon_core.package_identification:_identify(build) ignored
[4.131s] Level 1:colcon.colcon_core.package_identification:_identify(install) by extensions ['ignore', 'ignore_ament_install']
[4.131s] Level 1:colcon.colcon_core.package_identification:_identify(install) by extension 'ignore'
[4.131s] Level 1:colcon.colcon_core.package_identification:_identify(install) ignored
[4.132s] Level 1:colcon.colcon_core.package_identification:_identify(log) by extensions ['ignore', 'ignore_ament_install']
[4.132s] Level 1:colcon.colcon_core.package_identification:_identify(log) by extension 'ignore'
[4.132s] Level 1:colcon.colcon_core.package_identification:_identify(log) ignored
[4.132s] Level 1:colcon.colcon_core.package_identification:_identify(src) by extensions ['ignore', 'ignore_ament_install']
[4.132s] Level 1:colcon.colcon_core.package_identification:_identify(src) by extension 'ignore'
[4.132s] Level 1:colcon.colcon_core.package_identification:_identify(src) by extension 'ignore_ament_install'
[4.133s] Level 1:colcon.colcon_core.package_identification:_identify(src) by extensions ['colcon_pkg']
[4.133s] Level 1:colcon.colcon_core.package_identification:_identify(src) by extension 'colcon_pkg'
[4.133s] Level 1:colcon.colcon_core.package_identification:_identify(src) by extensions ['colcon_meta']
[4.133s] Level 1:colcon.colcon_core.package_identification:_identify(src) by extension 'colcon_meta'
[4.133s] Level 1:colcon.colcon_core.package_identification:_identify(src) by extensions ['ros']
[4.133s] Level 1:colcon.colcon_core.package_identification:_identify(src) by extension 'ros'
[4.133s] Level 1:colcon.colcon_core.package_identification:_identify(src) by extensions ['cmake', 'python']
[4.134s] Level 1:colcon.colcon_core.package_identification:_identify(src) by extension 'cmake'
[4.134s] Level 1:colcon.colcon_core.package_identification:_identify(src) by extension 'python'
[4.134s] Level 1:colcon.colcon_core.package_identification:_identify(src) by extensions ['python_setup_py']
[4.134s] Level 1:colcon.colcon_core.package_identification:_identify(src) by extension 'python_setup_py'
[4.134s] Level 1:colcon.colcon_core.package_identification:_identify(src/my_robot_controller) by extensions ['ignore', 'ignore_ament_install']
[4.134s] Level 1:colcon.colcon_core.package_identification:_identify(src/my_robot_controller) by extension 'ignore'
[4.135s] Level 1:colcon.colcon_core.package_identification:_identify(src/my_robot_controller) by extension 'ignore_ament_install'
[4.135s] Level 1:colcon.colcon_core.package_identification:_identify(src/my_robot_controller) by extensions ['colcon_pkg']
[4.135s] Level 1:colcon.colcon_core.package_identification:_identify(src/my_robot_controller) by extension 'colcon_pkg'
[4.135s] Level 1:colcon.colcon_core.package_identification:_identify(src/my_robot_controller) by extensions ['colcon_meta']
[4.135s] Level 1:colcon.colcon_core.package_identification:_identify(src/my_robot_controller) by extension 'colcon_meta'
[4.135s] Level 1:colcon.colcon_core.package_identification:_identify(src/my_robot_controller) by extensions ['ros']
[4.135s] Level 1:colcon.colcon_core.package_identification:_identify(src/my_robot_controller) by extension 'ros'
[4.147s] DEBUG:colcon.colcon_core.package_identification:Package 'src/my_robot_controller' with type 'ros.ament_python' and name 'my_robot_controller'
[4.147s] Level 1:colcon.colcon_core.package_discovery:discover_packages(recursive) using defaults
[4.148s] Level 1:colcon.colcon_core.package_discovery:discover_packages(ignore) discover
[4.148s] Level 1:colcon.colcon_core.package_discovery:discover_packages(ignore) using defaults
[4.148s] Level 1:colcon.colcon_core.package_discovery:discover_packages(path) discover
[4.148s] Level 1:colcon.colcon_core.package_discovery:discover_packages(path) using defaults
[4.508s] Level 1:colcon.colcon_core.package_discovery:discover_packages(prefix_path) check parameters
[4.508s] Level 1:colcon.colcon_core.package_discovery:discover_packages(prefix_path) discover
[4.594s] DEBUG:colcon.colcon_installed_package_information.package_discovery:Found 0 installed packages in /home/pipi/ros2_ws/install
[4.639s] DEBUG:colcon.colcon_installed_package_information.package_discovery:Found 256 installed packages in /opt/ros/foxy
[4.640s] Level 1:colcon.colcon_core.package_discovery:discover_packages(prefix_path) using defaults
[5.115s] Level 5:colcon.colcon_core.verb:set package 'my_robot_controller' build argument 'cmake_args' from command line to 'None'
[5.115s] Level 5:colcon.colcon_core.verb:set package 'my_robot_controller' build argument 'cmake_target' from command line to 'None'
[5.115s] Level 5:colcon.colcon_core.verb:set package 'my_robot_controller' build argument 'cmake_target_skip_unavailable' from command line to 'False'
[5.115s] Level 5:colcon.colcon_core.verb:set package 'my_robot_controller' build argument 'cmake_clean_cache' from command line to 'False'
[5.115s] Level 5:colcon.colcon_core.verb:set package 'my_robot_controller' build argument 'cmake_clean_first' from command line to 'False'
[5.115s] Level 5:colcon.colcon_core.verb:set package 'my_robot_controller' build argument 'cmake_force_configure' from command line to 'False'
[5.116s] Level 5:colcon.colcon_core.verb:set package 'my_robot_controller' build argument 'ament_cmake_args' from command line to 'None'
[5.116s] Level 5:colcon.colcon_core.verb:set package 'my_robot_controller' build argument 'catkin_cmake_args' from command line to 'None'
[5.116s] Level 5:colcon.colcon_core.verb:set package 'my_robot_controller' build argument 'catkin_skip_building_tests' from command line to 'False'
[5.116s] DEBUG:colcon.colcon_core.verb:Building package 'my_robot_controller' with the following arguments: {'ament_cmake_args': None, 'build_base': '/home/pipi/ros2_ws/build/my_robot_controller', 'catkin_cmake_args': None, 'catkin_skip_building_tests': False, 'cmake_args': None, 'cmake_clean_cache': False, 'cmake_clean_first': False, 'cmake_force_configure': False, 'cmake_target': None, 'cmake_target_skip_unavailable': False, 'install_base': '/home/pipi/ros2_ws/install/my_robot_controller', 'merge_install': False, 'path': '/home/pipi/ros2_ws/src/my_robot_controller', 'symlink_install': False, 'test_result_base': None}
[5.176s] INFO:colcon.colcon_core.executor:Executing jobs using 'parallel' executor
[5.252s] DEBUG:colcon.colcon_parallel_executor.executor.parallel:run_until_complete
[5.252s] INFO:colcon.colcon_ros.task.ament_python.build:Building ROS package in '/home/pipi/ros2_ws/src/my_robot_controller' with build type 'ament_python'
[5.253s] Level 1:colcon.colcon_core.shell:create_environment_hook('my_robot_controller', 'ament_prefix_path')
[5.320s] INFO:colcon.colcon_core.plugin_system:Skipping extension 'colcon_core.shell.bat': Not used on non-Windows systems
[5.321s] INFO:colcon.colcon_core.shell:Creating environment hook '/home/pipi/ros2_ws/install/my_robot_controller/share/my_robot_controller/hook/ament_prefix_path.ps1'
[5.323s] INFO:colcon.colcon_core.shell:Creating environment descriptor '/home/pipi/ros2_ws/install/my_robot_controller/share/my_robot_controller/hook/ament_prefix_path.dsv'
[5.324s] INFO:colcon.colcon_core.shell:Creating environment hook '/home/pipi/ros2_ws/install/my_robot_controller/share/my_robot_controller/hook/ament_prefix_path.sh'
[5.417s] INFO:colcon.colcon_core.shell:Skip shell extension 'powershell' for command environment: Not usable outside of PowerShell
[5.417s] DEBUG:colcon.colcon_core.shell:Skip shell extension 'dsv' for command environment
[5.971s] INFO:colcon.colcon_core.task.python.build:Building Python package in '/home/pipi/ros2_ws/src/my_robot_controller'
[6.027s] INFO:colcon.colcon_core.shell:Skip shell extension 'powershell' for command environment: Not usable outside of PowerShell
[6.028s] DEBUG:colcon.colcon_core.shell:Skip shell extension 'dsv' for command environment
[7.060s] DEBUG:colcon.colcon_core.event_handler.log_command:Invoking command in '/home/pipi/ros2_ws/src/my_robot_controller': PYTHONPATH=/home/pipi/ros2_ws/build/my_robot_controller/prefix_override:/home/pipi/ros2_ws/install/my_robot_controller/lib/python3.8/site-packages:${PYTHONPATH} /usr/bin/python3 setup.py egg_info --egg-base ../../build/my_robot_controller build --build-base /home/pipi/ros2_ws/build/my_robot_controller/build install --record /home/pipi/ros2_ws/build/my_robot_controller/install.log --install-scripts $base/lib/my_robot_controller --single-version-externally-managed
[7.559s] DEBUG:colcon.colcon_core.event_handler.log_command:Invoked command in '/home/pipi/ros2_ws/src/my_robot_controller' returned '0': PYTHONPATH=/home/pipi/ros2_ws/build/my_robot_controller/prefix_override:/home/pipi/ros2_ws/install/my_robot_controller/lib/python3.8/site-packages:${PYTHONPATH} /usr/bin/python3 setup.py egg_info --egg-base ../../build/my_robot_controller build --build-base /home/pipi/ros2_ws/build/my_robot_controller/build install --record /home/pipi/ros2_ws/build/my_robot_controller/install.log --install-scripts $base/lib/my_robot_controller --single-version-externally-managed
[7.678s] Level 1:colcon.colcon_core.environment:checking '/home/pipi/ros2_ws/install/my_robot_controller' for CMake module files
[7.679s] Level 1:colcon.colcon_core.environment:checking '/home/pipi/ros2_ws/install/my_robot_controller' for CMake config files
[7.681s] Level 1:colcon.colcon_core.environment:checking '/home/pipi/ros2_ws/install/my_robot_controller/lib'
[7.682s] Level 1:colcon.colcon_core.environment:checking '/home/pipi/ros2_ws/install/my_robot_controller/bin'
[7.682s] Level 1:colcon.colcon_core.environment:checking '/home/pipi/ros2_ws/install/my_robot_controller/lib/pkgconfig/my_robot_controller.pc'
[7.683s] Level 1:colcon.colcon_core.environment:checking '/home/pipi/ros2_ws/install/my_robot_controller/lib/python3.8/site-packages'
[7.683s] Level 1:colcon.colcon_core.shell:create_environment_hook('my_robot_controller', 'pythonpath')
[7.736s] INFO:colcon.colcon_core.shell:Creating environment hook '/home/pipi/ros2_ws/install/my_robot_controller/share/my_robot_controller/hook/pythonpath.ps1'
[7.738s] INFO:colcon.colcon_core.shell:Creating environment descriptor '/home/pipi/ros2_ws/install/my_robot_controller/share/my_robot_controller/hook/pythonpath.dsv'
[7.738s] INFO:colcon.colcon_core.shell:Creating environment hook '/home/pipi/ros2_ws/install/my_robot_controller/share/my_robot_controller/hook/pythonpath.sh'
[7.739s] Level 1:colcon.colcon_core.environment:checking '/home/pipi/ros2_ws/install/my_robot_controller/bin'
[7.739s] Level 1:colcon.colcon_core.environment:create_environment_scripts_only(my_robot_controller)
[7.800s] INFO:colcon.colcon_core.shell:Creating package script '/home/pipi/ros2_ws/install/my_robot_controller/share/my_robot_controller/package.ps1'
[7.807s] INFO:colcon.colcon_core.shell:Creating package descriptor '/home/pipi/ros2_ws/install/my_robot_controller/share/my_robot_controller/package.dsv'
[7.809s] INFO:colcon.colcon_core.shell:Creating package script '/home/pipi/ros2_ws/install/my_robot_controller/share/my_robot_controller/package.sh'
[7.812s] INFO:colcon.colcon_core.shell:Creating package script '/home/pipi/ros2_ws/install/my_robot_controller/share/my_robot_controller/package.bash'
[7.816s] INFO:colcon.colcon_core.shell:Creating package script '/home/pipi/ros2_ws/install/my_robot_controller/share/my_robot_controller/package.zsh'
[7.819s] Level 1:colcon.colcon_core.environment:create_file_with_runtime_dependencies(/home/pipi/ros2_ws/install/my_robot_controller/share/colcon-core/packages/my_robot_controller)
[7.820s] DEBUG:colcon.colcon_parallel_executor.executor.parallel:closing loop
[7.821s] DEBUG:colcon.colcon_parallel_executor.executor.parallel:loop closed
[7.821s] DEBUG:colcon.colcon_parallel_executor.executor.parallel:run_until_complete finished with '0'
[7.821s] DEBUG:colcon.colcon_core.event_reactor:joining thread
[7.926s] INFO:colcon.colcon_core.plugin_system:Skipping extension 'colcon_notification.desktop_notification.terminal_notifier': Not used on non-Darwin systems
[7.926s] INFO:colcon.colcon_core.plugin_system:Skipping extension 'colcon_notification.desktop_notification.win32': Not used on non-Windows systems
[7.926s] INFO:colcon.colcon_notification.desktop_notification:Sending desktop notification using 'notify2'
[8.147s] DEBUG:colcon.colcon_core.event_reactor:joined thread
[8.223s] INFO:colcon.colcon_core.shell:Creating prefix script '/home/pipi/ros2_ws/install/local_setup.ps1'
[8.227s] INFO:colcon.colcon_core.shell:Creating prefix util module '/home/pipi/ros2_ws/install/_local_setup_util_ps1.py'
[8.230s] INFO:colcon.colcon_core.shell:Creating prefix chain script '/home/pipi/ros2_ws/install/setup.ps1'
[8.289s] INFO:colcon.colcon_core.shell:Creating prefix script '/home/pipi/ros2_ws/install/local_setup.sh'
[8.291s] INFO:colcon.colcon_core.shell:Creating prefix util module '/home/pipi/ros2_ws/install/_local_setup_util_sh.py'
[8.292s] INFO:colcon.colcon_core.shell:Creating prefix chain script '/home/pipi/ros2_ws/install/setup.sh'
[8.356s] INFO:colcon.colcon_core.shell:Creating prefix script '/home/pipi/ros2_ws/install/local_setup.bash'
[8.358s] INFO:colcon.colcon_core.shell:Creating prefix chain script '/home/pipi/ros2_ws/install/setup.bash'
[8.402s] INFO:colcon.colcon_core.shell:Creating prefix script '/home/pipi/ros2_ws/install/local_setup.zsh'
[8.403s] INFO:colcon.colcon_core.shell:Creating prefix chain script '/home/pipi/ros2_ws/install/setup.zsh'
