[2.855s] DEBUG:colcon:Command line arguments: ['/usr/bin/colcon', 'build', '--symlink-install']
[2.856s] DEBUG:colcon:Parsed command line arguments: Namespace(allow_overriding=[], ament_cmake_args=None, base_paths=['.'], build_base='build', catkin_cmake_args=None, catkin_skip_building_tests=False, cmake_args=None, cmake_clean_cache=False, cmake_clean_first=False, cmake_force_configure=False, cmake_target=None, cmake_target_skip_unavailable=False, continue_on_error=False, event_handlers=None, executor='parallel', ignore_user_meta=False, install_base='install', log_base=None, log_level=None, main=<bound method BuildVerb.main of <colcon_core.verb.build.BuildVerb object at 0x7f25723244c0>>, merge_install=False, metas=['./colcon.meta'], packages_above=None, packages_above_and_dependencies=None, packages_above_depth=None, packages_end=None, packages_ignore=None, packages_ignore_regex=None, packages_select=None, packages_select_build_failed=False, packages_select_by_dep=None, packages_select_regex=None, packages_select_test_failures=False, packages_skip=None, packages_skip_build_finished=False, packages_skip_by_dep=None, packages_skip_regex=None, packages_skip_test_passed=False, packages_skip_up_to=None, packages_start=None, packages_up_to=None, packages_up_to_regex=None, parallel_workers=2, paths=None, symlink_install=True, test_result_base=None, verb_extension=<colcon_core.verb.build.BuildVerb object at 0x7f25723244c0>, verb_name='build', verb_parser=<colcon_defaults.argument_parser.defaults.DefaultArgumentsDecorator object at 0x7f2572205730>)
[3.050s] Level 1:colcon.colcon_core.package_discovery:discover_packages(colcon_meta) check parameters
[3.050s] Level 1:colcon.colcon_core.package_discovery:discover_packages(recursive) check parameters
[3.050s] Level 1:colcon.colcon_core.package_discovery:discover_packages(ignore) check parameters
[3.051s] Level 1:colcon.colcon_core.package_discovery:discover_packages(path) check parameters
[3.051s] Level 1:colcon.colcon_core.package_discovery:discover_packages(colcon_meta) discover
[3.051s] Level 1:colcon.colcon_core.package_discovery:discover_packages(recursive) discover
[3.051s] INFO:colcon.colcon_core.package_discovery:Crawling recursively for packages in '/home/pipi/ros2_ws'
[3.051s] Level 1:colcon.colcon_core.package_identification:_identify(.) by extensions ['ignore', 'ignore_ament_install']
[3.051s] Level 1:colcon.colcon_core.package_identification:_identify(.) by extension 'ignore'
[3.051s] Level 1:colcon.colcon_core.package_identification:_identify(.) by extension 'ignore_ament_install'
[3.051s] Level 1:colcon.colcon_core.package_identification:_identify(.) by extensions ['colcon_pkg']
[3.051s] Level 1:colcon.colcon_core.package_identification:_identify(.) by extension 'colcon_pkg'
[3.051s] Level 1:colcon.colcon_core.package_identification:_identify(.) by extensions ['colcon_meta']
[3.051s] Level 1:colcon.colcon_core.package_identification:_identify(.) by extension 'colcon_meta'
[3.051s] Level 1:colcon.colcon_core.package_identification:_identify(.) by extensions ['ros']
[3.051s] Level 1:colcon.colcon_core.package_identification:_identify(.) by extension 'ros'
[3.072s] Level 1:colcon.colcon_core.package_identification:_identify(.) by extensions ['cmake', 'python']
[3.072s] Level 1:colcon.colcon_core.package_identification:_identify(.) by extension 'cmake'
[3.072s] Level 1:colcon.colcon_core.package_identification:_identify(.) by extension 'python'
[3.072s] Level 1:colcon.colcon_core.package_identification:_identify(.) by extensions ['python_setup_py']
[3.072s] Level 1:colcon.colcon_core.package_identification:_identify(.) by extension 'python_setup_py'
[3.072s] Level 1:colcon.colcon_core.package_identification:_identify(build) by extensions ['ignore', 'ignore_ament_install']
[3.073s] Level 1:colcon.colcon_core.package_identification:_identify(build) by extension 'ignore'
[3.073s] Level 1:colcon.colcon_core.package_identification:_identify(build) ignored
[3.073s] Level 1:colcon.colcon_core.package_identification:_identify(install) by extensions ['ignore', 'ignore_ament_install']
[3.073s] Level 1:colcon.colcon_core.package_identification:_identify(install) by extension 'ignore'
[3.073s] Level 1:colcon.colcon_core.package_identification:_identify(install) ignored
[3.073s] Level 1:colcon.colcon_core.package_identification:_identify(log) by extensions ['ignore', 'ignore_ament_install']
[3.073s] Level 1:colcon.colcon_core.package_identification:_identify(log) by extension 'ignore'
[3.073s] Level 1:colcon.colcon_core.package_identification:_identify(log) ignored
[3.073s] Level 1:colcon.colcon_core.package_identification:_identify(src) by extensions ['ignore', 'ignore_ament_install']
[3.073s] Level 1:colcon.colcon_core.package_identification:_identify(src) by extension 'ignore'
[3.073s] Level 1:colcon.colcon_core.package_identification:_identify(src) by extension 'ignore_ament_install'
[3.074s] Level 1:colcon.colcon_core.package_identification:_identify(src) by extensions ['colcon_pkg']
[3.074s] Level 1:colcon.colcon_core.package_identification:_identify(src) by extension 'colcon_pkg'
[3.074s] Level 1:colcon.colcon_core.package_identification:_identify(src) by extensions ['colcon_meta']
[3.074s] Level 1:colcon.colcon_core.package_identification:_identify(src) by extension 'colcon_meta'
[3.074s] Level 1:colcon.colcon_core.package_identification:_identify(src) by extensions ['ros']
[3.074s] Level 1:colcon.colcon_core.package_identification:_identify(src) by extension 'ros'
[3.074s] Level 1:colcon.colcon_core.package_identification:_identify(src) by extensions ['cmake', 'python']
[3.074s] Level 1:colcon.colcon_core.package_identification:_identify(src) by extension 'cmake'
[3.074s] Level 1:colcon.colcon_core.package_identification:_identify(src) by extension 'python'
[3.074s] Level 1:colcon.colcon_core.package_identification:_identify(src) by extensions ['python_setup_py']
[3.074s] Level 1:colcon.colcon_core.package_identification:_identify(src) by extension 'python_setup_py'
[3.074s] Level 1:colcon.colcon_core.package_identification:_identify(src/my_robot_controller) by extensions ['ignore', 'ignore_ament_install']
[3.074s] Level 1:colcon.colcon_core.package_identification:_identify(src/my_robot_controller) by extension 'ignore'
[3.075s] Level 1:colcon.colcon_core.package_identification:_identify(src/my_robot_controller) by extension 'ignore_ament_install'
[3.075s] Level 1:colcon.colcon_core.package_identification:_identify(src/my_robot_controller) by extensions ['colcon_pkg']
[3.075s] Level 1:colcon.colcon_core.package_identification:_identify(src/my_robot_controller) by extension 'colcon_pkg'
[3.075s] Level 1:colcon.colcon_core.package_identification:_identify(src/my_robot_controller) by extensions ['colcon_meta']
[3.075s] Level 1:colcon.colcon_core.package_identification:_identify(src/my_robot_controller) by extension 'colcon_meta'
[3.075s] Level 1:colcon.colcon_core.package_identification:_identify(src/my_robot_controller) by extensions ['ros']
[3.075s] Level 1:colcon.colcon_core.package_identification:_identify(src/my_robot_controller) by extension 'ros'
[3.080s] DEBUG:colcon.colcon_core.package_identification:Package 'src/my_robot_controller' with type 'ros.ament_python' and name 'my_robot_controller'
[3.080s] Level 1:colcon.colcon_core.package_discovery:discover_packages(recursive) using defaults
[3.080s] Level 1:colcon.colcon_core.package_discovery:discover_packages(ignore) discover
[3.080s] Level 1:colcon.colcon_core.package_discovery:discover_packages(ignore) using defaults
[3.080s] Level 1:colcon.colcon_core.package_discovery:discover_packages(path) discover
[3.080s] Level 1:colcon.colcon_core.package_discovery:discover_packages(path) using defaults
[3.354s] Level 1:colcon.colcon_core.package_discovery:discover_packages(prefix_path) check parameters
[3.354s] Level 1:colcon.colcon_core.package_discovery:discover_packages(prefix_path) discover
[3.447s] DEBUG:colcon.colcon_installed_package_information.package_discovery:Found 1 installed packages in /home/pipi/ros2_ws/install
[3.495s] DEBUG:colcon.colcon_installed_package_information.package_discovery:Found 256 installed packages in /opt/ros/foxy
[3.497s] Level 1:colcon.colcon_core.package_discovery:discover_packages(prefix_path) using defaults
[3.713s] Level 5:colcon.colcon_core.verb:set package 'my_robot_controller' build argument 'cmake_args' from command line to 'None'
[3.714s] Level 5:colcon.colcon_core.verb:set package 'my_robot_controller' build argument 'cmake_target' from command line to 'None'
[3.714s] Level 5:colcon.colcon_core.verb:set package 'my_robot_controller' build argument 'cmake_target_skip_unavailable' from command line to 'False'
[3.714s] Level 5:colcon.colcon_core.verb:set package 'my_robot_controller' build argument 'cmake_clean_cache' from command line to 'False'
[3.714s] Level 5:colcon.colcon_core.verb:set package 'my_robot_controller' build argument 'cmake_clean_first' from command line to 'False'
[3.714s] Level 5:colcon.colcon_core.verb:set package 'my_robot_controller' build argument 'cmake_force_configure' from command line to 'False'
[3.714s] Level 5:colcon.colcon_core.verb:set package 'my_robot_controller' build argument 'ament_cmake_args' from command line to 'None'
[3.714s] Level 5:colcon.colcon_core.verb:set package 'my_robot_controller' build argument 'catkin_cmake_args' from command line to 'None'
[3.714s] Level 5:colcon.colcon_core.verb:set package 'my_robot_controller' build argument 'catkin_skip_building_tests' from command line to 'False'
[3.714s] DEBUG:colcon.colcon_core.verb:Building package 'my_robot_controller' with the following arguments: {'ament_cmake_args': None, 'build_base': '/home/pipi/ros2_ws/build/my_robot_controller', 'catkin_cmake_args': None, 'catkin_skip_building_tests': False, 'cmake_args': None, 'cmake_clean_cache': False, 'cmake_clean_first': False, 'cmake_force_configure': False, 'cmake_target': None, 'cmake_target_skip_unavailable': False, 'install_base': '/home/pipi/ros2_ws/install/my_robot_controller', 'merge_install': False, 'path': '/home/pipi/ros2_ws/src/my_robot_controller', 'symlink_install': True, 'test_result_base': None}
[3.758s] INFO:colcon.colcon_core.executor:Executing jobs using 'parallel' executor
[3.804s] DEBUG:colcon.colcon_parallel_executor.executor.parallel:run_until_complete
[3.804s] INFO:colcon.colcon_ros.task.ament_python.build:Building ROS package in '/home/pipi/ros2_ws/src/my_robot_controller' with build type 'ament_python'
[3.804s] Level 1:colcon.colcon_core.shell:create_environment_hook('my_robot_controller', 'ament_prefix_path')
[3.860s] INFO:colcon.colcon_core.plugin_system:Skipping extension 'colcon_core.shell.bat': Not used on non-Windows systems
[3.860s] INFO:colcon.colcon_core.shell:Creating environment hook '/home/pipi/ros2_ws/install/my_robot_controller/share/my_robot_controller/hook/ament_prefix_path.ps1'
[3.861s] INFO:colcon.colcon_core.shell:Creating environment descriptor '/home/pipi/ros2_ws/install/my_robot_controller/share/my_robot_controller/hook/ament_prefix_path.dsv'
[3.862s] INFO:colcon.colcon_core.shell:Creating environment hook '/home/pipi/ros2_ws/install/my_robot_controller/share/my_robot_controller/hook/ament_prefix_path.sh'
[3.948s] INFO:colcon.colcon_core.shell:Skip shell extension 'powershell' for command environment: Not usable outside of PowerShell
[3.948s] DEBUG:colcon.colcon_core.shell:Skip shell extension 'dsv' for command environment
[4.566s] INFO:colcon.colcon_core.task.python.build:Building Python package in '/home/pipi/ros2_ws/src/my_robot_controller'
[4.627s] INFO:colcon.colcon_core.shell:Skip shell extension 'powershell' for command environment: Not usable outside of PowerShell
[4.627s] DEBUG:colcon.colcon_core.shell:Skip shell extension 'dsv' for command environment
[5.448s] DEBUG:colcon.colcon_core.task.python.build:While undoing a previous installation files outside the Python library path are being ignored: /home/pipi/ros2_ws/install/my_robot_controller/share/ament_index/resource_index/packages/my_robot_controller
[5.448s] DEBUG:colcon.colcon_core.task.python.build:While undoing a previous installation files outside the Python library path are being ignored: /home/pipi/ros2_ws/install/my_robot_controller/share/my_robot_controller/package.xml
[5.449s] DEBUG:colcon.colcon_core.task.python.build:While undoing a previous installation files outside the Python library path are being ignored: /home/pipi/ros2_ws/install/my_robot_controller/lib/my_robot_controller/test_node
[5.453s] DEBUG:colcon.colcon_core.event_handler.log_command:Invoking command in '/home/pipi/ros2_ws/build/my_robot_controller': PYTHONPATH=/home/pipi/ros2_ws/build/my_robot_controller/prefix_override:/home/pipi/ros2_ws/install/my_robot_controller/lib/python3.8/site-packages:${PYTHONPATH} /usr/bin/python3 setup.py develop --editable --build-directory /home/pipi/ros2_ws/build/my_robot_controller/build --no-deps install_data
[6.157s] Level 1:colcon.colcon_core.shell:create_environment_hook('my_robot_controller', 'pythonpath_develop')
[6.159s] DEBUG:colcon.colcon_core.event_handler.log_command:Invoked command in '/home/pipi/ros2_ws/build/my_robot_controller' returned '0': PYTHONPATH=/home/pipi/ros2_ws/build/my_robot_controller/prefix_override:/home/pipi/ros2_ws/install/my_robot_controller/lib/python3.8/site-packages:${PYTHONPATH} /usr/bin/python3 setup.py develop --editable --build-directory /home/pipi/ros2_ws/build/my_robot_controller/build --no-deps install_data
[6.209s] INFO:colcon.colcon_core.shell:Creating environment hook '/home/pipi/ros2_ws/build/my_robot_controller/share/my_robot_controller/hook/pythonpath_develop.ps1'
[6.211s] INFO:colcon.colcon_core.shell:Creating environment descriptor '/home/pipi/ros2_ws/build/my_robot_controller/share/my_robot_controller/hook/pythonpath_develop.dsv'
[6.211s] INFO:colcon.colcon_core.shell:Creating environment hook '/home/pipi/ros2_ws/build/my_robot_controller/share/my_robot_controller/hook/pythonpath_develop.sh'
[6.278s] Level 1:colcon.colcon_core.environment:checking '/home/pipi/ros2_ws/install/my_robot_controller' for CMake module files
[6.280s] Level 1:colcon.colcon_core.environment:checking '/home/pipi/ros2_ws/install/my_robot_controller' for CMake config files
[6.281s] Level 1:colcon.colcon_core.environment:checking '/home/pipi/ros2_ws/install/my_robot_controller/lib'
[6.282s] Level 1:colcon.colcon_core.environment:checking '/home/pipi/ros2_ws/install/my_robot_controller/bin'
[6.282s] Level 1:colcon.colcon_core.environment:checking '/home/pipi/ros2_ws/install/my_robot_controller/lib/pkgconfig/my_robot_controller.pc'
[6.282s] Level 1:colcon.colcon_core.environment:checking '/home/pipi/ros2_ws/install/my_robot_controller/lib/python3.8/site-packages'
[6.282s] Level 1:colcon.colcon_core.shell:create_environment_hook('my_robot_controller', 'pythonpath')
[6.337s] INFO:colcon.colcon_core.shell:Creating environment hook '/home/pipi/ros2_ws/install/my_robot_controller/share/my_robot_controller/hook/pythonpath.ps1'
[6.338s] INFO:colcon.colcon_core.shell:Creating environment descriptor '/home/pipi/ros2_ws/install/my_robot_controller/share/my_robot_controller/hook/pythonpath.dsv'
[6.338s] INFO:colcon.colcon_core.shell:Creating environment hook '/home/pipi/ros2_ws/install/my_robot_controller/share/my_robot_controller/hook/pythonpath.sh'
[6.339s] Level 1:colcon.colcon_core.environment:checking '/home/pipi/ros2_ws/install/my_robot_controller/bin'
[6.339s] Level 1:colcon.colcon_core.environment:create_environment_scripts_only(my_robot_controller)
[6.383s] INFO:colcon.colcon_core.shell:Creating package script '/home/pipi/ros2_ws/install/my_robot_controller/share/my_robot_controller/package.ps1'
[6.385s] INFO:colcon.colcon_core.shell:Creating package descriptor '/home/pipi/ros2_ws/install/my_robot_controller/share/my_robot_controller/package.dsv'
[6.387s] INFO:colcon.colcon_core.shell:Creating package script '/home/pipi/ros2_ws/install/my_robot_controller/share/my_robot_controller/package.sh'
[6.388s] INFO:colcon.colcon_core.shell:Creating package script '/home/pipi/ros2_ws/install/my_robot_controller/share/my_robot_controller/package.bash'
[6.390s] INFO:colcon.colcon_core.shell:Creating package script '/home/pipi/ros2_ws/install/my_robot_controller/share/my_robot_controller/package.zsh'
[6.391s] Level 1:colcon.colcon_core.environment:create_file_with_runtime_dependencies(/home/pipi/ros2_ws/install/my_robot_controller/share/colcon-core/packages/my_robot_controller)
[6.392s] DEBUG:colcon.colcon_parallel_executor.executor.parallel:closing loop
[6.393s] DEBUG:colcon.colcon_parallel_executor.executor.parallel:loop closed
[6.393s] DEBUG:colcon.colcon_parallel_executor.executor.parallel:run_until_complete finished with '0'
[6.393s] DEBUG:colcon.colcon_core.event_reactor:joining thread
[6.472s] INFO:colcon.colcon_core.plugin_system:Skipping extension 'colcon_notification.desktop_notification.terminal_notifier': Not used on non-Darwin systems
[6.473s] INFO:colcon.colcon_core.plugin_system:Skipping extension 'colcon_notification.desktop_notification.win32': Not used on non-Windows systems
[6.473s] INFO:colcon.colcon_notification.desktop_notification:Sending desktop notification using 'notify2'
[6.518s] DEBUG:colcon.colcon_core.event_reactor:joined thread
[6.598s] INFO:colcon.colcon_core.shell:Creating prefix script '/home/pipi/ros2_ws/install/local_setup.ps1'
[6.602s] INFO:colcon.colcon_core.shell:Creating prefix util module '/home/pipi/ros2_ws/install/_local_setup_util_ps1.py'
[6.608s] INFO:colcon.colcon_core.shell:Creating prefix chain script '/home/pipi/ros2_ws/install/setup.ps1'
[6.672s] INFO:colcon.colcon_core.shell:Creating prefix script '/home/pipi/ros2_ws/install/local_setup.sh'
[6.675s] INFO:colcon.colcon_core.shell:Creating prefix util module '/home/pipi/ros2_ws/install/_local_setup_util_sh.py'
[6.677s] INFO:colcon.colcon_core.shell:Creating prefix chain script '/home/pipi/ros2_ws/install/setup.sh'
[6.736s] INFO:colcon.colcon_core.shell:Creating prefix script '/home/pipi/ros2_ws/install/local_setup.bash'
[6.738s] INFO:colcon.colcon_core.shell:Creating prefix chain script '/home/pipi/ros2_ws/install/setup.bash'
[6.786s] INFO:colcon.colcon_core.shell:Creating prefix script '/home/pipi/ros2_ws/install/local_setup.zsh'
[6.788s] INFO:colcon.colcon_core.shell:Creating prefix chain script '/home/pipi/ros2_ws/install/setup.zsh'
