[1.713s] Invoking command in '/home/pipi/ros2_ws/src/my_robot_controller': PYTHONPATH=/home/pipi/ros2_ws/build/my_robot_controller/prefix_override:/home/pipi/ros2_ws/install/my_robot_controller/lib/python3.8/site-packages:${PYTHONPATH} /usr/bin/python3 setup.py egg_info --egg-base ../../build/my_robot_controller build --build-base /home/pipi/ros2_ws/build/my_robot_controller/build install --record /home/pipi/ros2_ws/build/my_robot_controller/install.log --install-scripts $base/lib/my_robot_controller --single-version-externally-managed
[1.971s] running egg_info
[1.972s] writing ../../build/my_robot_controller/my_robot_controller.egg-info/PKG-INFO
[1.980s] writing dependency_links to ../../build/my_robot_controller/my_robot_controller.egg-info/dependency_links.txt
[1.982s] writing entry points to ../../build/my_robot_controller/my_robot_controller.egg-info/entry_points.txt
[1.982s] writing requirements to ../../build/my_robot_controller/my_robot_controller.egg-info/requires.txt
[1.983s] writing top-level names to ../../build/my_robot_controller/my_robot_controller.egg-info/top_level.txt
[2.029s] reading manifest file '../../build/my_robot_controller/my_robot_controller.egg-info/SOURCES.txt'
[2.029s] writing manifest file '../../build/my_robot_controller/my_robot_controller.egg-info/SOURCES.txt'
[2.030s] running build
[2.030s] running build_py
[2.030s] copying my_robot_controller/my_first_node.py -> /home/pipi/ros2_ws/build/my_robot_controller/build/lib/my_robot_controller
[2.032s] running install
[2.033s] running install_lib
[2.035s] copying /home/pipi/ros2_ws/build/my_robot_controller/build/lib/my_robot_controller/my_first_node.py -> /home/pipi/ros2_ws/install/my_robot_controller/lib/python3.8/site-packages/my_robot_controller
[2.037s] byte-compiling /home/pipi/ros2_ws/install/my_robot_controller/lib/python3.8/site-packages/my_robot_controller/my_first_node.py to my_first_node.cpython-38.pyc
[2.041s] running install_data
[2.043s] running install_egg_info
[2.049s] removing '/home/pipi/ros2_ws/install/my_robot_controller/lib/python3.8/site-packages/my_robot_controller-0.0.0-py3.8.egg-info' (and everything under it)
[2.050s] Copying ../../build/my_robot_controller/my_robot_controller.egg-info to /home/pipi/ros2_ws/install/my_robot_controller/lib/python3.8/site-packages/my_robot_controller-0.0.0-py3.8.egg-info
[2.053s] running install_scripts
[2.078s] Installing test_node script to /home/pipi/ros2_ws/install/my_robot_controller/lib/my_robot_controller
[2.079s] writing list of installed files to '/home/pipi/ros2_ws/build/my_robot_controller/install.log'
[2.115s] Invoked command in '/home/pipi/ros2_ws/src/my_robot_controller' returned '0': PYTHONPATH=/home/pipi/ros2_ws/build/my_robot_controller/prefix_override:/home/pipi/ros2_ws/install/my_robot_controller/lib/python3.8/site-packages:${PYTHONPATH} /usr/bin/python3 setup.py egg_info --egg-base ../../build/my_robot_controller build --build-base /home/pipi/ros2_ws/build/my_robot_controller/build install --record /home/pipi/ros2_ws/build/my_robot_controller/install.log --install-scripts $base/lib/my_robot_controller --single-version-externally-managed
