[1.742s] Invoking command in '/home/pipi/ros2_ws/src/my_robot_controller': PYTHONPATH=/home/pipi/ros2_ws/build/my_robot_controller/prefix_override:/home/pipi/ros2_ws/install/my_robot_controller/lib/python3.8/site-packages:${PYTHONPATH} /usr/bin/python3 setup.py egg_info --egg-base ../../build/my_robot_controller build --build-base /home/pipi/ros2_ws/build/my_robot_controller/build install --record /home/pipi/ros2_ws/build/my_robot_controller/install.log --install-scripts $base/lib/my_robot_controller --single-version-externally-managed
[2.132s] running egg_info
[2.134s] writing ../../build/my_robot_controller/my_robot_controller.egg-info/PKG-INFO
[2.134s] writing dependency_links to ../../build/my_robot_controller/my_robot_controller.egg-info/dependency_links.txt
[2.135s] writing entry points to ../../build/my_robot_controller/my_robot_controller.egg-info/entry_points.txt
[2.135s] writing requirements to ../../build/my_robot_controller/my_robot_controller.egg-info/requires.txt
[2.135s] writing top-level names to ../../build/my_robot_controller/my_robot_controller.egg-info/top_level.txt
[2.199s] reading manifest file '../../build/my_robot_controller/my_robot_controller.egg-info/SOURCES.txt'
[2.201s] writing manifest file '../../build/my_robot_controller/my_robot_controller.egg-info/SOURCES.txt'
[2.201s] running build
[2.201s] running build_py
[2.202s] running install
[2.203s] running install_lib
[2.205s] running install_data
[2.206s] running install_egg_info
[2.208s] removing '/home/pipi/ros2_ws/install/my_robot_controller/lib/python3.8/site-packages/my_robot_controller-0.0.0-py3.8.egg-info' (and everything under it)
[2.209s] Copying ../../build/my_robot_controller/my_robot_controller.egg-info to /home/pipi/ros2_ws/install/my_robot_controller/lib/python3.8/site-packages/my_robot_controller-0.0.0-py3.8.egg-info
[2.209s] running install_scripts
[2.232s] writing list of installed files to '/home/pipi/ros2_ws/build/my_robot_controller/install.log'
[2.281s] Invoked command in '/home/pipi/ros2_ws/src/my_robot_controller' returned '0': PYTHONPATH=/home/pipi/ros2_ws/build/my_robot_controller/prefix_override:/home/pipi/ros2_ws/install/my_robot_controller/lib/python3.8/site-packages:${PYTHONPATH} /usr/bin/python3 setup.py egg_info --egg-base ../../build/my_robot_controller build --build-base /home/pipi/ros2_ws/build/my_robot_controller/build install --record /home/pipi/ros2_ws/build/my_robot_controller/install.log --install-scripts $base/lib/my_robot_controller --single-version-externally-managed
