[3.268s] DEBUG:colcon:Command line arguments: ['/usr/bin/colcon', 'build']
[3.268s] DEBUG:colcon:Parsed command line arguments: Namespace(allow_overriding=[], ament_cmake_args=None, base_paths=['.'], build_base='build', catkin_cmake_args=None, catkin_skip_building_tests=False, cmake_args=None, cmake_clean_cache=False, cmake_clean_first=False, cmake_force_configure=False, cmake_target=None, cmake_target_skip_unavailable=False, continue_on_error=False, event_handlers=None, executor='parallel', ignore_user_meta=False, install_base='install', log_base=None, log_level=None, main=<bound method BuildVerb.main of <colcon_core.verb.build.BuildVerb object at 0x7fab5f408880>>, merge_install=False, metas=['./colcon.meta'], packages_above=None, packages_above_and_dependencies=None, packages_above_depth=None, packages_end=None, packages_ignore=None, packages_ignore_regex=None, packages_select=None, packages_select_build_failed=False, packages_select_by_dep=None, packages_select_regex=None, packages_select_test_failures=False, packages_skip=None, packages_skip_build_finished=False, packages_skip_by_dep=None, packages_skip_regex=None, packages_skip_test_passed=False, packages_skip_up_to=None, packages_start=None, packages_up_to=None, packages_up_to_regex=None, parallel_workers=2, paths=None, symlink_install=False, test_result_base=None, verb_extension=<colcon_core.verb.build.BuildVerb object at 0x7fab5f408880>, verb_name='build', verb_parser=<colcon_defaults.argument_parser.defaults.DefaultArgumentsDecorator object at 0x7fab5f2ec9d0>)
[3.424s] Level 1:colcon.colcon_core.package_discovery:discover_packages(colcon_meta) check parameters
[3.424s] Level 1:colcon.colcon_core.package_discovery:discover_packages(recursive) check parameters
[3.424s] Level 1:colcon.colcon_core.package_discovery:discover_packages(ignore) check parameters
[3.424s] Level 1:colcon.colcon_core.package_discovery:discover_packages(path) check parameters
[3.424s] Level 1:colcon.colcon_core.package_discovery:discover_packages(colcon_meta) discover
[3.424s] Level 1:colcon.colcon_core.package_discovery:discover_packages(recursive) discover
[3.424s] INFO:colcon.colcon_core.package_discovery:Crawling recursively for packages in '/home/pipi/ros2_ws'
[3.424s] Level 1:colcon.colcon_core.package_identification:_identify(.) by extensions ['ignore', 'ignore_ament_install']
[3.424s] Level 1:colcon.colcon_core.package_identification:_identify(.) by extension 'ignore'
[3.425s] Level 1:colcon.colcon_core.package_identification:_identify(.) by extension 'ignore_ament_install'
[3.425s] Level 1:colcon.colcon_core.package_identification:_identify(.) by extensions ['colcon_pkg']
[3.425s] Level 1:colcon.colcon_core.package_identification:_identify(.) by extension 'colcon_pkg'
[3.425s] Level 1:colcon.colcon_core.package_identification:_identify(.) by extensions ['colcon_meta']
[3.425s] Level 1:colcon.colcon_core.package_identification:_identify(.) by extension 'colcon_meta'
[3.425s] Level 1:colcon.colcon_core.package_identification:_identify(.) by extensions ['ros']
[3.425s] Level 1:colcon.colcon_core.package_identification:_identify(.) by extension 'ros'
[3.447s] Level 1:colcon.colcon_core.package_identification:_identify(.) by extensions ['cmake', 'python']
[3.447s] Level 1:colcon.colcon_core.package_identification:_identify(.) by extension 'cmake'
[3.447s] Level 1:colcon.colcon_core.package_identification:_identify(.) by extension 'python'
[3.447s] Level 1:colcon.colcon_core.package_identification:_identify(.) by extensions ['python_setup_py']
[3.447s] Level 1:colcon.colcon_core.package_identification:_identify(.) by extension 'python_setup_py'
[3.447s] Level 1:colcon.colcon_core.package_identification:_identify(build) by extensions ['ignore', 'ignore_ament_install']
[3.447s] Level 1:colcon.colcon_core.package_identification:_identify(build) by extension 'ignore'
[3.448s] Level 1:colcon.colcon_core.package_identification:_identify(build) ignored
[3.448s] Level 1:colcon.colcon_core.package_identification:_identify(install) by extensions ['ignore', 'ignore_ament_install']
[3.448s] Level 1:colcon.colcon_core.package_identification:_identify(install) by extension 'ignore'
[3.448s] Level 1:colcon.colcon_core.package_identification:_identify(install) ignored
[3.448s] Level 1:colcon.colcon_core.package_identification:_identify(log) by extensions ['ignore', 'ignore_ament_install']
[3.448s] Level 1:colcon.colcon_core.package_identification:_identify(log) by extension 'ignore'
[3.448s] Level 1:colcon.colcon_core.package_identification:_identify(log) ignored
[3.448s] Level 1:colcon.colcon_core.package_identification:_identify(src) by extensions ['ignore', 'ignore_ament_install']
[3.448s] Level 1:colcon.colcon_core.package_identification:_identify(src) by extension 'ignore'
[3.448s] Level 1:colcon.colcon_core.package_identification:_identify(src) by extension 'ignore_ament_install'
[3.448s] Level 1:colcon.colcon_core.package_identification:_identify(src) by extensions ['colcon_pkg']
[3.448s] Level 1:colcon.colcon_core.package_identification:_identify(src) by extension 'colcon_pkg'
[3.449s] Level 1:colcon.colcon_core.package_identification:_identify(src) by extensions ['colcon_meta']
[3.449s] Level 1:colcon.colcon_core.package_identification:_identify(src) by extension 'colcon_meta'
[3.449s] Level 1:colcon.colcon_core.package_identification:_identify(src) by extensions ['ros']
[3.449s] Level 1:colcon.colcon_core.package_identification:_identify(src) by extension 'ros'
[3.449s] Level 1:colcon.colcon_core.package_identification:_identify(src) by extensions ['cmake', 'python']
[3.449s] Level 1:colcon.colcon_core.package_identification:_identify(src) by extension 'cmake'
[3.449s] Level 1:colcon.colcon_core.package_identification:_identify(src) by extension 'python'
[3.449s] Level 1:colcon.colcon_core.package_identification:_identify(src) by extensions ['python_setup_py']
[3.449s] Level 1:colcon.colcon_core.package_identification:_identify(src) by extension 'python_setup_py'
[3.449s] Level 1:colcon.colcon_core.package_identification:_identify(src/my_robot_controller) by extensions ['ignore', 'ignore_ament_install']
[3.449s] Level 1:colcon.colcon_core.package_identification:_identify(src/my_robot_controller) by extension 'ignore'
[3.449s] Level 1:colcon.colcon_core.package_identification:_identify(src/my_robot_controller) by extension 'ignore_ament_install'
[3.449s] Level 1:colcon.colcon_core.package_identification:_identify(src/my_robot_controller) by extensions ['colcon_pkg']
[3.449s] Level 1:colcon.colcon_core.package_identification:_identify(src/my_robot_controller) by extension 'colcon_pkg'
[3.449s] Level 1:colcon.colcon_core.package_identification:_identify(src/my_robot_controller) by extensions ['colcon_meta']
[3.449s] Level 1:colcon.colcon_core.package_identification:_identify(src/my_robot_controller) by extension 'colcon_meta'
[3.449s] Level 1:colcon.colcon_core.package_identification:_identify(src/my_robot_controller) by extensions ['ros']
[3.449s] Level 1:colcon.colcon_core.package_identification:_identify(src/my_robot_controller) by extension 'ros'
[3.456s] DEBUG:colcon.colcon_core.package_identification:Package 'src/my_robot_controller' with type 'ros.ament_python' and name 'my_robot_controller'
[3.456s] Level 1:colcon.colcon_core.package_discovery:discover_packages(recursive) using defaults
[3.456s] Level 1:colcon.colcon_core.package_discovery:discover_packages(ignore) discover
[3.456s] Level 1:colcon.colcon_core.package_discovery:discover_packages(ignore) using defaults
[3.456s] Level 1:colcon.colcon_core.package_discovery:discover_packages(path) discover
[3.456s] Level 1:colcon.colcon_core.package_discovery:discover_packages(path) using defaults
[3.724s] Level 1:colcon.colcon_core.package_discovery:discover_packages(prefix_path) check parameters
[3.724s] Level 1:colcon.colcon_core.package_discovery:discover_packages(prefix_path) discover
[3.813s] DEBUG:colcon.colcon_installed_package_information.package_discovery:Found 1 installed packages in /home/pipi/ros2_ws/install
[3.857s] DEBUG:colcon.colcon_installed_package_information.package_discovery:Found 256 installed packages in /opt/ros/foxy
[3.859s] Level 1:colcon.colcon_core.package_discovery:discover_packages(prefix_path) using defaults
[4.186s] Level 5:colcon.colcon_core.verb:set package 'my_robot_controller' build argument 'cmake_args' from command line to 'None'
[4.186s] Level 5:colcon.colcon_core.verb:set package 'my_robot_controller' build argument 'cmake_target' from command line to 'None'
[4.186s] Level 5:colcon.colcon_core.verb:set package 'my_robot_controller' build argument 'cmake_target_skip_unavailable' from command line to 'False'
[4.186s] Level 5:colcon.colcon_core.verb:set package 'my_robot_controller' build argument 'cmake_clean_cache' from command line to 'False'
[4.187s] Level 5:colcon.colcon_core.verb:set package 'my_robot_controller' build argument 'cmake_clean_first' from command line to 'False'
[4.187s] Level 5:colcon.colcon_core.verb:set package 'my_robot_controller' build argument 'cmake_force_configure' from command line to 'False'
[4.187s] Level 5:colcon.colcon_core.verb:set package 'my_robot_controller' build argument 'ament_cmake_args' from command line to 'None'
[4.187s] Level 5:colcon.colcon_core.verb:set package 'my_robot_controller' build argument 'catkin_cmake_args' from command line to 'None'
[4.187s] Level 5:colcon.colcon_core.verb:set package 'my_robot_controller' build argument 'catkin_skip_building_tests' from command line to 'False'
[4.187s] DEBUG:colcon.colcon_core.verb:Building package 'my_robot_controller' with the following arguments: {'ament_cmake_args': None, 'build_base': '/home/pipi/ros2_ws/build/my_robot_controller', 'catkin_cmake_args': None, 'catkin_skip_building_tests': False, 'cmake_args': None, 'cmake_clean_cache': False, 'cmake_clean_first': False, 'cmake_force_configure': False, 'cmake_target': None, 'cmake_target_skip_unavailable': False, 'install_base': '/home/pipi/ros2_ws/install/my_robot_controller', 'merge_install': False, 'path': '/home/pipi/ros2_ws/src/my_robot_controller', 'symlink_install': False, 'test_result_base': None}
[4.231s] INFO:colcon.colcon_core.executor:Executing jobs using 'parallel' executor
[4.275s] DEBUG:colcon.colcon_parallel_executor.executor.parallel:run_until_complete
[4.276s] INFO:colcon.colcon_ros.task.ament_python.build:Building ROS package in '/home/pipi/ros2_ws/src/my_robot_controller' with build type 'ament_python'
[4.276s] Level 1:colcon.colcon_core.shell:create_environment_hook('my_robot_controller', 'ament_prefix_path')
[4.331s] INFO:colcon.colcon_core.plugin_system:Skipping extension 'colcon_core.shell.bat': Not used on non-Windows systems
[4.331s] INFO:colcon.colcon_core.shell:Creating environment hook '/home/pipi/ros2_ws/install/my_robot_controller/share/my_robot_controller/hook/ament_prefix_path.ps1'
[4.334s] INFO:colcon.colcon_core.shell:Creating environment descriptor '/home/pipi/ros2_ws/install/my_robot_controller/share/my_robot_controller/hook/ament_prefix_path.dsv'
[4.335s] INFO:colcon.colcon_core.shell:Creating environment hook '/home/pipi/ros2_ws/install/my_robot_controller/share/my_robot_controller/hook/ament_prefix_path.sh'
[4.381s] INFO:colcon.colcon_core.shell:Skip shell extension 'powershell' for command environment: Not usable outside of PowerShell
[4.381s] DEBUG:colcon.colcon_core.shell:Skip shell extension 'dsv' for command environment
[4.979s] INFO:colcon.colcon_core.task.python.build:Building Python package in '/home/pipi/ros2_ws/src/my_robot_controller'
[5.028s] INFO:colcon.colcon_core.shell:Skip shell extension 'powershell' for command environment: Not usable outside of PowerShell
[5.029s] DEBUG:colcon.colcon_core.shell:Skip shell extension 'dsv' for command environment
[5.989s] DEBUG:colcon.colcon_core.event_handler.log_command:Invoking command in '/home/pipi/ros2_ws/src/my_robot_controller': PYTHONPATH=/home/pipi/ros2_ws/build/my_robot_controller/prefix_override:/home/pipi/ros2_ws/install/my_robot_controller/lib/python3.8/site-packages:${PYTHONPATH} /usr/bin/python3 setup.py egg_info --egg-base ../../build/my_robot_controller build --build-base /home/pipi/ros2_ws/build/my_robot_controller/build install --record /home/pipi/ros2_ws/build/my_robot_controller/install.log --install-scripts $base/lib/my_robot_controller --single-version-externally-managed
[6.392s] DEBUG:colcon.colcon_core.event_handler.log_command:Invoked command in '/home/pipi/ros2_ws/src/my_robot_controller' returned '0': PYTHONPATH=/home/pipi/ros2_ws/build/my_robot_controller/prefix_override:/home/pipi/ros2_ws/install/my_robot_controller/lib/python3.8/site-packages:${PYTHONPATH} /usr/bin/python3 setup.py egg_info --egg-base ../../build/my_robot_controller build --build-base /home/pipi/ros2_ws/build/my_robot_controller/build install --record /home/pipi/ros2_ws/build/my_robot_controller/install.log --install-scripts $base/lib/my_robot_controller --single-version-externally-managed
[6.450s] Level 1:colcon.colcon_core.environment:checking '/home/pipi/ros2_ws/install/my_robot_controller' for CMake module files
[6.451s] Level 1:colcon.colcon_core.environment:checking '/home/pipi/ros2_ws/install/my_robot_controller' for CMake config files
[6.452s] Level 1:colcon.colcon_core.environment:checking '/home/pipi/ros2_ws/install/my_robot_controller/lib'
[6.452s] Level 1:colcon.colcon_core.environment:checking '/home/pipi/ros2_ws/install/my_robot_controller/bin'
[6.452s] Level 1:colcon.colcon_core.environment:checking '/home/pipi/ros2_ws/install/my_robot_controller/lib/pkgconfig/my_robot_controller.pc'
[6.453s] Level 1:colcon.colcon_core.environment:checking '/home/pipi/ros2_ws/install/my_robot_controller/lib/python3.8/site-packages'
[6.453s] Level 1:colcon.colcon_core.shell:create_environment_hook('my_robot_controller', 'pythonpath')
[6.501s] INFO:colcon.colcon_core.shell:Creating environment hook '/home/pipi/ros2_ws/install/my_robot_controller/share/my_robot_controller/hook/pythonpath.ps1'
[6.501s] INFO:colcon.colcon_core.shell:Creating environment descriptor '/home/pipi/ros2_ws/install/my_robot_controller/share/my_robot_controller/hook/pythonpath.dsv'
[6.502s] INFO:colcon.colcon_core.shell:Creating environment hook '/home/pipi/ros2_ws/install/my_robot_controller/share/my_robot_controller/hook/pythonpath.sh'
[6.503s] Level 1:colcon.colcon_core.environment:checking '/home/pipi/ros2_ws/install/my_robot_controller/bin'
[6.503s] Level 1:colcon.colcon_core.environment:create_environment_scripts_only(my_robot_controller)
[6.549s] INFO:colcon.colcon_core.shell:Creating package script '/home/pipi/ros2_ws/install/my_robot_controller/share/my_robot_controller/package.ps1'
[6.550s] INFO:colcon.colcon_core.shell:Creating package descriptor '/home/pipi/ros2_ws/install/my_robot_controller/share/my_robot_controller/package.dsv'
[6.552s] INFO:colcon.colcon_core.shell:Creating package script '/home/pipi/ros2_ws/install/my_robot_controller/share/my_robot_controller/package.sh'
[6.553s] INFO:colcon.colcon_core.shell:Creating package script '/home/pipi/ros2_ws/install/my_robot_controller/share/my_robot_controller/package.bash'
[6.555s] INFO:colcon.colcon_core.shell:Creating package script '/home/pipi/ros2_ws/install/my_robot_controller/share/my_robot_controller/package.zsh'
[6.557s] Level 1:colcon.colcon_core.environment:create_file_with_runtime_dependencies(/home/pipi/ros2_ws/install/my_robot_controller/share/colcon-core/packages/my_robot_controller)
[6.557s] DEBUG:colcon.colcon_parallel_executor.executor.parallel:closing loop
[6.558s] DEBUG:colcon.colcon_parallel_executor.executor.parallel:loop closed
[6.558s] DEBUG:colcon.colcon_parallel_executor.executor.parallel:run_until_complete finished with '0'
[6.558s] DEBUG:colcon.colcon_core.event_reactor:joining thread
[6.671s] INFO:colcon.colcon_core.plugin_system:Skipping extension 'colcon_notification.desktop_notification.terminal_notifier': Not used on non-Darwin systems
[6.671s] INFO:colcon.colcon_core.plugin_system:Skipping extension 'colcon_notification.desktop_notification.win32': Not used on non-Windows systems
[6.672s] INFO:colcon.colcon_notification.desktop_notification:Sending desktop notification using 'notify2'
[6.741s] DEBUG:colcon.colcon_core.event_reactor:joined thread
[6.814s] INFO:colcon.colcon_core.shell:Creating prefix script '/home/pipi/ros2_ws/install/local_setup.ps1'
[6.818s] INFO:colcon.colcon_core.shell:Creating prefix util module '/home/pipi/ros2_ws/install/_local_setup_util_ps1.py'
[6.823s] INFO:colcon.colcon_core.shell:Creating prefix chain script '/home/pipi/ros2_ws/install/setup.ps1'
[6.913s] INFO:colcon.colcon_core.shell:Creating prefix script '/home/pipi/ros2_ws/install/local_setup.sh'
[6.915s] INFO:colcon.colcon_core.shell:Creating prefix util module '/home/pipi/ros2_ws/install/_local_setup_util_sh.py'
[6.916s] INFO:colcon.colcon_core.shell:Creating prefix chain script '/home/pipi/ros2_ws/install/setup.sh'
[6.979s] INFO:colcon.colcon_core.shell:Creating prefix script '/home/pipi/ros2_ws/install/local_setup.bash'
[6.980s] INFO:colcon.colcon_core.shell:Creating prefix chain script '/home/pipi/ros2_ws/install/setup.bash'
[7.026s] INFO:colcon.colcon_core.shell:Creating prefix script '/home/pipi/ros2_ws/install/local_setup.zsh'
[7.028s] INFO:colcon.colcon_core.shell:Creating prefix chain script '/home/pipi/ros2_ws/install/setup.zsh'
