[1.470s] Invoking command in '/home/pipi/ros2_ws/build/my_robot_controller': PYTHONPATH=/home/pipi/ros2_ws/build/my_robot_controller/prefix_override:/home/pipi/ros2_ws/install/my_robot_controller/lib/python3.8/site-packages:${PYTHONPATH} /usr/bin/python3 setup.py develop --uninstall --editable --build-directory /home/pipi/ros2_ws/build/my_robot_controller/build
[1.835s] running develop
[2.020s] Removing /home/pipi/ros2_ws/install/my_robot_controller/lib/python3.8/site-packages/my-robot-controller.egg-link (link to .)
[2.065s] Invoked command in '/home/pipi/ros2_ws/build/my_robot_controller' returned '0': PYTHONPATH=/home/pipi/ros2_ws/build/my_robot_controller/prefix_override:/home/pipi/ros2_ws/install/my_robot_controller/lib/python3.8/site-packages:${PYTHONPATH} /usr/bin/python3 setup.py develop --uninstall --editable --build-directory /home/pipi/ros2_ws/build/my_robot_controller/build
[2.069s] Invoking command in '/home/pipi/ros2_ws/src/my_robot_controller': PYTHONPATH=/home/pipi/ros2_ws/build/my_robot_controller/prefix_override:/home/pipi/ros2_ws/install/my_robot_controller/lib/python3.8/site-packages:${PYTHONPATH} /usr/bin/python3 setup.py egg_info --egg-base ../../build/my_robot_controller build --build-base /home/pipi/ros2_ws/build/my_robot_controller/build install --record /home/pipi/ros2_ws/build/my_robot_controller/install.log --install-scripts $base/lib/my_robot_controller --single-version-externally-managed
[2.389s] running egg_info
[2.392s] writing ../../build/my_robot_controller/my_robot_controller.egg-info/PKG-INFO
[2.392s] writing dependency_links to ../../build/my_robot_controller/my_robot_controller.egg-info/dependency_links.txt
[2.392s] writing entry points to ../../build/my_robot_controller/my_robot_controller.egg-info/entry_points.txt
[2.393s] writing requirements to ../../build/my_robot_controller/my_robot_controller.egg-info/requires.txt
[2.393s] writing top-level names to ../../build/my_robot_controller/my_robot_controller.egg-info/top_level.txt
[2.439s] reading manifest file '../../build/my_robot_controller/my_robot_controller.egg-info/SOURCES.txt'
[2.439s] writing manifest file '../../build/my_robot_controller/my_robot_controller.egg-info/SOURCES.txt'
[2.439s] running build
[2.441s] running build_py
[2.441s] copying my_robot_controller/draw_circle.py -> /home/pipi/ros2_ws/build/my_robot_controller/build/lib/my_robot_controller
[2.441s] copying my_robot_controller/my_first_node.py -> /home/pipi/ros2_ws/build/my_robot_controller/build/lib/my_robot_controller
[2.442s] running install
[2.442s] running install_lib
[2.443s] creating /home/pipi/ros2_ws/install/my_robot_controller/lib/python3.8/site-packages/my_robot_controller
[2.443s] copying /home/pipi/ros2_ws/build/my_robot_controller/build/lib/my_robot_controller/draw_circle.py -> /home/pipi/ros2_ws/install/my_robot_controller/lib/python3.8/site-packages/my_robot_controller
[2.445s] copying /home/pipi/ros2_ws/build/my_robot_controller/build/lib/my_robot_controller/my_first_node.py -> /home/pipi/ros2_ws/install/my_robot_controller/lib/python3.8/site-packages/my_robot_controller
[2.445s] copying /home/pipi/ros2_ws/build/my_robot_controller/build/lib/my_robot_controller/__init__.py -> /home/pipi/ros2_ws/install/my_robot_controller/lib/python3.8/site-packages/my_robot_controller
[2.446s] byte-compiling /home/pipi/ros2_ws/install/my_robot_controller/lib/python3.8/site-packages/my_robot_controller/draw_circle.py to draw_circle.cpython-38.pyc
[2.450s] byte-compiling /home/pipi/ros2_ws/install/my_robot_controller/lib/python3.8/site-packages/my_robot_controller/my_first_node.py to my_first_node.cpython-38.pyc
[2.451s] byte-compiling /home/pipi/ros2_ws/install/my_robot_controller/lib/python3.8/site-packages/my_robot_controller/__init__.py to __init__.cpython-38.pyc
[2.451s] running install_data
[2.452s] copying package.xml -> /home/pipi/ros2_ws/install/my_robot_controller/share/my_robot_controller
[2.452s] running install_egg_info
[2.456s] Copying ../../build/my_robot_controller/my_robot_controller.egg-info to /home/pipi/ros2_ws/install/my_robot_controller/lib/python3.8/site-packages/my_robot_controller-0.0.0-py3.8.egg-info
[2.460s] running install_scripts
[2.483s] Installing test_node = my_robot_controller.my_first_node:maindraw_circle script to /home/pipi/ros2_ws/install/my_robot_controller/lib/my_robot_controller
[2.484s] writing list of installed files to '/home/pipi/ros2_ws/build/my_robot_controller/install.log'
[2.516s] Invoked command in '/home/pipi/ros2_ws/src/my_robot_controller' returned '0': PYTHONPATH=/home/pipi/ros2_ws/build/my_robot_controller/prefix_override:/home/pipi/ros2_ws/install/my_robot_controller/lib/python3.8/site-packages:${PYTHONPATH} /usr/bin/python3 setup.py egg_info --egg-base ../../build/my_robot_controller build --build-base /home/pipi/ros2_ws/build/my_robot_controller/build install --record /home/pipi/ros2_ws/build/my_robot_controller/install.log --install-scripts $base/lib/my_robot_controller --single-version-externally-managed
