[1.266s] Invoking command in '/home/user/ros2_ws/src/ros2_nav_files/nav2_project': PYTHONPATH=/home/user/ros2_ws/install/nav2_project/lib/python3.8/site-packages:${PYTHONPATH} _=/usr/bin/env /usr/bin/python3 setup.py egg_info --egg-base ../../../build/nav2_project build --build-base /home/user/ros2_ws/build/nav2_project/build install --prefix /home/user/ros2_ws/install/nav2_project --record /home/user/ros2_ws/build/nav2_project/install.log --single-version-externally-managed
[1.493s] running egg_info
[1.494s] writing ../../../build/nav2_project/nav2_project.egg-info/PKG-INFO
[1.506s] writing dependency_links to ../../../build/nav2_project/nav2_project.egg-info/dependency_links.txt
[1.508s] writing entry points to ../../../build/nav2_project/nav2_project.egg-info/entry_points.txt
[1.509s] writing requirements to ../../../build/nav2_project/nav2_project.egg-info/requires.txt
[1.510s] writing top-level names to ../../../build/nav2_project/nav2_project.egg-info/top_level.txt
[1.561s] reading manifest file '../../../build/nav2_project/nav2_project.egg-info/SOURCES.txt'
[1.562s] writing manifest file '../../../build/nav2_project/nav2_project.egg-info/SOURCES.txt'
[1.593s] running build
[1.594s] running build_py
[1.594s] copying nav2_project/__init__.py -> /home/user/ros2_ws/build/nav2_project/build/lib/nav2_project
[1.594s] copying nav2_project/spot_recorder.py -> /home/user/ros2_ws/build/nav2_project/build/lib/nav2_project
[1.594s] copying nav2_project/go_to_pose.py -> /home/user/ros2_ws/build/nav2_project/build/lib/nav2_project
[1.594s] running install
[1.596s] running install_lib
[1.597s] copying /home/user/ros2_ws/build/nav2_project/build/lib/nav2_project/__init__.py -> /home/user/ros2_ws/install/nav2_project/lib/python3.8/site-packages/nav2_project
[1.597s] copying /home/user/ros2_ws/build/nav2_project/build/lib/nav2_project/spot_recorder.py -> /home/user/ros2_ws/install/nav2_project/lib/python3.8/site-packages/nav2_project
[1.597s] copying /home/user/ros2_ws/build/nav2_project/build/lib/nav2_project/go_to_pose.py -> /home/user/ros2_ws/install/nav2_project/lib/python3.8/site-packages/nav2_project
[1.598s] byte-compiling /home/user/ros2_ws/install/nav2_project/lib/python3.8/site-packages/nav2_project/__init__.py to __init__.cpython-38.pyc
[1.669s] byte-compiling /home/user/ros2_ws/install/nav2_project/lib/python3.8/site-packages/nav2_project/spot_recorder.py to spot_recorder.cpython-38.pyc
[1.670s] byte-compiling /home/user/ros2_ws/install/nav2_project/lib/python3.8/site-packages/nav2_project/go_to_pose.py to go_to_pose.cpython-38.pyc
[1.672s] running install_data
[1.672s] copying resource/nav2_project -> /home/user/ros2_ws/install/nav2_project/share/ament_index/resource_index/packages
[1.673s] copying package.xml -> /home/user/ros2_ws/install/nav2_project/share/nav2_project
[1.673s] copying launch/project_map_server.launch.py -> /home/user/ros2_ws/install/nav2_project/share/nav2_project/launch
[1.673s] copying launch/cartographer.launch.py -> /home/user/ros2_ws/install/nav2_project/share/nav2_project/launch
[1.673s] copying launch/nav2_project.launch.py -> /home/user/ros2_ws/install/nav2_project/share/nav2_project/launch
[1.673s] copying launch/project_navigation_with_tools_launch.py -> /home/user/ros2_ws/install/nav2_project/share/nav2_project/launch
[1.674s] copying launch/go_to_pose.launch.py -> /home/user/ros2_ws/install/nav2_project/share/nav2_project/launch
[1.674s] copying config/turtlebot3_house.yaml -> /home/user/ros2_ws/install/nav2_project/share/nav2_project/config
[1.674s] copying config/nav2_project.yaml -> /home/user/ros2_ws/install/nav2_project/share/nav2_project/config
[1.674s] copying config/project_params.yaml -> /home/user/ros2_ws/install/nav2_project/share/nav2_project/config
[1.675s] copying config/spot-list.yaml -> /home/user/ros2_ws/install/nav2_project/share/nav2_project/config
[1.675s] copying config/turtlebot3_house.pgm -> /home/user/ros2_ws/install/nav2_project/share/nav2_project/config
[1.675s] copying config/nav2_default_view.rviz -> /home/user/ros2_ws/install/nav2_project/share/nav2_project/config
[1.675s] copying config/navigate_w_replanning_and_recovery.xml -> /home/user/ros2_ws/install/nav2_project/share/nav2_project/config
[1.675s] copying config/cartographer.lua -> /home/user/ros2_ws/install/nav2_project/share/nav2_project/config
[1.676s] running install_egg_info
[1.678s] removing '/home/user/ros2_ws/install/nav2_project/lib/python3.8/site-packages/nav2_project-0.0.0-py3.8.egg-info' (and everything under it)
[1.678s] Copying ../../../build/nav2_project/nav2_project.egg-info to /home/user/ros2_ws/install/nav2_project/lib/python3.8/site-packages/nav2_project-0.0.0-py3.8.egg-info
[1.679s] running install_scripts
[1.699s] Installing go_to_pose script to /home/user/ros2_ws/install/nav2_project/lib/nav2_project
[1.744s] Installing spot_recorder script to /home/user/ros2_ws/install/nav2_project/lib/nav2_project
[1.749s] writing list of installed files to '/home/user/ros2_ws/build/nav2_project/install.log'
[1.772s] Invoked command in '/home/user/ros2_ws/src/ros2_nav_files/nav2_project' returned '0': PYTHONPATH=/home/user/ros2_ws/install/nav2_project/lib/python3.8/site-packages:${PYTHONPATH} _=/usr/bin/env /usr/bin/python3 setup.py egg_info --egg-base ../../../build/nav2_project build --build-base /home/user/ros2_ws/build/nav2_project/build install --prefix /home/user/ros2_ws/install/nav2_project --record /home/user/ros2_ws/build/nav2_project/install.log --single-version-externally-managed
