[3.486s] DEBUG:colcon:Command line arguments: ['/usr/bin/colcon', 'build', '--symlink-install']
[3.486s] DEBUG:colcon:Parsed command line arguments: Namespace(allow_overriding=[], ament_cmake_args=None, base_paths=['.'], build_base='build', catkin_cmake_args=None, catkin_skip_building_tests=False, cmake_args=None, cmake_clean_cache=False, cmake_clean_first=False, cmake_force_configure=False, cmake_target=None, cmake_target_skip_unavailable=False, continue_on_error=False, event_handlers=None, executor='parallel', ignore_user_meta=False, install_base='install', log_base=None, log_level=None, main=<bound method BuildVerb.main of <colcon_core.verb.build.BuildVerb object at 0x7fbed4fbb6a0>>, merge_install=False, metas=['./colcon.meta'], packages_above=None, packages_above_and_dependencies=None, packages_above_depth=None, packages_end=None, packages_ignore=None, packages_ignore_regex=None, packages_select=None, packages_select_build_failed=False, packages_select_by_dep=None, packages_select_regex=None, packages_select_test_failures=False, packages_skip=None, packages_skip_build_finished=False, packages_skip_by_dep=None, packages_skip_regex=None, packages_skip_test_passed=False, packages_skip_up_to=None, packages_start=None, packages_up_to=None, packages_up_to_regex=None, parallel_workers=2, paths=None, symlink_install=True, test_result_base=None, verb_extension=<colcon_core.verb.build.BuildVerb object at 0x7fbed4fbb6a0>, verb_name='build', verb_parser=<colcon_defaults.argument_parser.defaults.DefaultArgumentsDecorator object at 0x7fbed4f1e0a0>)
[3.739s] Level 1:colcon.colcon_core.package_discovery:discover_packages(colcon_meta) check parameters
[3.740s] Level 1:colcon.colcon_core.package_discovery:discover_packages(recursive) check parameters
[3.740s] Level 1:colcon.colcon_core.package_discovery:discover_packages(ignore) check parameters
[3.740s] Level 1:colcon.colcon_core.package_discovery:discover_packages(path) check parameters
[3.740s] Level 1:colcon.colcon_core.package_discovery:discover_packages(colcon_meta) discover
[3.740s] Level 1:colcon.colcon_core.package_discovery:discover_packages(recursive) discover
[3.740s] INFO:colcon.colcon_core.package_discovery:Crawling recursively for packages in '/home/pipi/ros2_ws'
[3.740s] Level 1:colcon.colcon_core.package_identification:_identify(.) by extensions ['ignore', 'ignore_ament_install']
[3.740s] Level 1:colcon.colcon_core.package_identification:_identify(.) by extension 'ignore'
[3.740s] Level 1:colcon.colcon_core.package_identification:_identify(.) by extension 'ignore_ament_install'
[3.740s] Level 1:colcon.colcon_core.package_identification:_identify(.) by extensions ['colcon_pkg']
[3.740s] Level 1:colcon.colcon_core.package_identification:_identify(.) by extension 'colcon_pkg'
[3.740s] Level 1:colcon.colcon_core.package_identification:_identify(.) by extensions ['colcon_meta']
[3.740s] Level 1:colcon.colcon_core.package_identification:_identify(.) by extension 'colcon_meta'
[3.740s] Level 1:colcon.colcon_core.package_identification:_identify(.) by extensions ['ros']
[3.740s] Level 1:colcon.colcon_core.package_identification:_identify(.) by extension 'ros'
[3.763s] Level 1:colcon.colcon_core.package_identification:_identify(.) by extensions ['cmake', 'python']
[3.763s] Level 1:colcon.colcon_core.package_identification:_identify(.) by extension 'cmake'
[3.763s] Level 1:colcon.colcon_core.package_identification:_identify(.) by extension 'python'
[3.763s] Level 1:colcon.colcon_core.package_identification:_identify(.) by extensions ['python_setup_py']
[3.763s] Level 1:colcon.colcon_core.package_identification:_identify(.) by extension 'python_setup_py'
[3.764s] Level 1:colcon.colcon_core.package_identification:_identify(build) by extensions ['ignore', 'ignore_ament_install']
[3.764s] Level 1:colcon.colcon_core.package_identification:_identify(build) by extension 'ignore'
[3.764s] Level 1:colcon.colcon_core.package_identification:_identify(build) ignored
[3.764s] Level 1:colcon.colcon_core.package_identification:_identify(install) by extensions ['ignore', 'ignore_ament_install']
[3.764s] Level 1:colcon.colcon_core.package_identification:_identify(install) by extension 'ignore'
[3.764s] Level 1:colcon.colcon_core.package_identification:_identify(install) ignored
[3.764s] Level 1:colcon.colcon_core.package_identification:_identify(log) by extensions ['ignore', 'ignore_ament_install']
[3.764s] Level 1:colcon.colcon_core.package_identification:_identify(log) by extension 'ignore'
[3.764s] Level 1:colcon.colcon_core.package_identification:_identify(log) ignored
[3.765s] Level 1:colcon.colcon_core.package_identification:_identify(src) by extensions ['ignore', 'ignore_ament_install']
[3.765s] Level 1:colcon.colcon_core.package_identification:_identify(src) by extension 'ignore'
[3.765s] Level 1:colcon.colcon_core.package_identification:_identify(src) by extension 'ignore_ament_install'
[3.765s] Level 1:colcon.colcon_core.package_identification:_identify(src) by extensions ['colcon_pkg']
[3.765s] Level 1:colcon.colcon_core.package_identification:_identify(src) by extension 'colcon_pkg'
[3.765s] Level 1:colcon.colcon_core.package_identification:_identify(src) by extensions ['colcon_meta']
[3.765s] Level 1:colcon.colcon_core.package_identification:_identify(src) by extension 'colcon_meta'
[3.765s] Level 1:colcon.colcon_core.package_identification:_identify(src) by extensions ['ros']
[3.765s] Level 1:colcon.colcon_core.package_identification:_identify(src) by extension 'ros'
[3.765s] Level 1:colcon.colcon_core.package_identification:_identify(src) by extensions ['cmake', 'python']
[3.765s] Level 1:colcon.colcon_core.package_identification:_identify(src) by extension 'cmake'
[3.765s] Level 1:colcon.colcon_core.package_identification:_identify(src) by extension 'python'
[3.765s] Level 1:colcon.colcon_core.package_identification:_identify(src) by extensions ['python_setup_py']
[3.765s] Level 1:colcon.colcon_core.package_identification:_identify(src) by extension 'python_setup_py'
[3.765s] Level 1:colcon.colcon_core.package_identification:_identify(src/my_robot_controller) by extensions ['ignore', 'ignore_ament_install']
[3.765s] Level 1:colcon.colcon_core.package_identification:_identify(src/my_robot_controller) by extension 'ignore'
[3.766s] Level 1:colcon.colcon_core.package_identification:_identify(src/my_robot_controller) by extension 'ignore_ament_install'
[3.766s] Level 1:colcon.colcon_core.package_identification:_identify(src/my_robot_controller) by extensions ['colcon_pkg']
[3.766s] Level 1:colcon.colcon_core.package_identification:_identify(src/my_robot_controller) by extension 'colcon_pkg'
[3.766s] Level 1:colcon.colcon_core.package_identification:_identify(src/my_robot_controller) by extensions ['colcon_meta']
[3.766s] Level 1:colcon.colcon_core.package_identification:_identify(src/my_robot_controller) by extension 'colcon_meta'
[3.766s] Level 1:colcon.colcon_core.package_identification:_identify(src/my_robot_controller) by extensions ['ros']
[3.766s] Level 1:colcon.colcon_core.package_identification:_identify(src/my_robot_controller) by extension 'ros'
[3.773s] DEBUG:colcon.colcon_core.package_identification:Package 'src/my_robot_controller' with type 'ros.ament_python' and name 'my_robot_controller'
[3.774s] Level 1:colcon.colcon_core.package_discovery:discover_packages(recursive) using defaults
[3.774s] Level 1:colcon.colcon_core.package_discovery:discover_packages(ignore) discover
[3.774s] Level 1:colcon.colcon_core.package_discovery:discover_packages(ignore) using defaults
[3.774s] Level 1:colcon.colcon_core.package_discovery:discover_packages(path) discover
[3.774s] Level 1:colcon.colcon_core.package_discovery:discover_packages(path) using defaults
[4.101s] Level 1:colcon.colcon_core.package_discovery:discover_packages(prefix_path) check parameters
[4.102s] Level 1:colcon.colcon_core.package_discovery:discover_packages(prefix_path) discover
[4.207s] DEBUG:colcon.colcon_installed_package_information.package_discovery:Found 1 installed packages in /home/pipi/ros2_ws/install
[4.259s] DEBUG:colcon.colcon_installed_package_information.package_discovery:Found 256 installed packages in /opt/ros/foxy
[4.261s] Level 1:colcon.colcon_core.package_discovery:discover_packages(prefix_path) using defaults
[4.696s] Level 5:colcon.colcon_core.verb:set package 'my_robot_controller' build argument 'cmake_args' from command line to 'None'
[4.696s] Level 5:colcon.colcon_core.verb:set package 'my_robot_controller' build argument 'cmake_target' from command line to 'None'
[4.696s] Level 5:colcon.colcon_core.verb:set package 'my_robot_controller' build argument 'cmake_target_skip_unavailable' from command line to 'False'
[4.696s] Level 5:colcon.colcon_core.verb:set package 'my_robot_controller' build argument 'cmake_clean_cache' from command line to 'False'
[4.696s] Level 5:colcon.colcon_core.verb:set package 'my_robot_controller' build argument 'cmake_clean_first' from command line to 'False'
[4.696s] Level 5:colcon.colcon_core.verb:set package 'my_robot_controller' build argument 'cmake_force_configure' from command line to 'False'
[4.696s] Level 5:colcon.colcon_core.verb:set package 'my_robot_controller' build argument 'ament_cmake_args' from command line to 'None'
[4.696s] Level 5:colcon.colcon_core.verb:set package 'my_robot_controller' build argument 'catkin_cmake_args' from command line to 'None'
[4.696s] Level 5:colcon.colcon_core.verb:set package 'my_robot_controller' build argument 'catkin_skip_building_tests' from command line to 'False'
[4.696s] DEBUG:colcon.colcon_core.verb:Building package 'my_robot_controller' with the following arguments: {'ament_cmake_args': None, 'build_base': '/home/pipi/ros2_ws/build/my_robot_controller', 'catkin_cmake_args': None, 'catkin_skip_building_tests': False, 'cmake_args': None, 'cmake_clean_cache': False, 'cmake_clean_first': False, 'cmake_force_configure': False, 'cmake_target': None, 'cmake_target_skip_unavailable': False, 'install_base': '/home/pipi/ros2_ws/install/my_robot_controller', 'merge_install': False, 'path': '/home/pipi/ros2_ws/src/my_robot_controller', 'symlink_install': True, 'test_result_base': None}
[4.741s] INFO:colcon.colcon_core.executor:Executing jobs using 'parallel' executor
[4.785s] DEBUG:colcon.colcon_parallel_executor.executor.parallel:run_until_complete
[4.785s] INFO:colcon.colcon_ros.task.ament_python.build:Building ROS package in '/home/pipi/ros2_ws/src/my_robot_controller' with build type 'ament_python'
[4.786s] Level 1:colcon.colcon_core.shell:create_environment_hook('my_robot_controller', 'ament_prefix_path')
[4.849s] INFO:colcon.colcon_core.plugin_system:Skipping extension 'colcon_core.shell.bat': Not used on non-Windows systems
[4.849s] INFO:colcon.colcon_core.shell:Creating environment hook '/home/pipi/ros2_ws/install/my_robot_controller/share/my_robot_controller/hook/ament_prefix_path.ps1'
[4.852s] INFO:colcon.colcon_core.shell:Creating environment descriptor '/home/pipi/ros2_ws/install/my_robot_controller/share/my_robot_controller/hook/ament_prefix_path.dsv'
[4.853s] INFO:colcon.colcon_core.shell:Creating environment hook '/home/pipi/ros2_ws/install/my_robot_controller/share/my_robot_controller/hook/ament_prefix_path.sh'
[4.910s] INFO:colcon.colcon_core.shell:Skip shell extension 'powershell' for command environment: Not usable outside of PowerShell
[4.910s] DEBUG:colcon.colcon_core.shell:Skip shell extension 'dsv' for command environment
[5.414s] INFO:colcon.colcon_core.task.python.build:Building Python package in '/home/pipi/ros2_ws/src/my_robot_controller'
[5.466s] INFO:colcon.colcon_core.shell:Skip shell extension 'powershell' for command environment: Not usable outside of PowerShell
[5.466s] DEBUG:colcon.colcon_core.shell:Skip shell extension 'dsv' for command environment
[6.313s] DEBUG:colcon.colcon_core.event_handler.log_command:Invoking command in '/home/pipi/ros2_ws/build/my_robot_controller': PYTHONPATH=/home/pipi/ros2_ws/build/my_robot_controller/prefix_override:/home/pipi/ros2_ws/install/my_robot_controller/lib/python3.8/site-packages:${PYTHONPATH} /usr/bin/python3 setup.py develop --editable --build-directory /home/pipi/ros2_ws/build/my_robot_controller/build --no-deps install_data
[6.954s] Level 1:colcon.colcon_core.shell:create_environment_hook('my_robot_controller', 'pythonpath_develop')
[6.954s] DEBUG:colcon.colcon_core.event_handler.log_command:Invoked command in '/home/pipi/ros2_ws/build/my_robot_controller' returned '0': PYTHONPATH=/home/pipi/ros2_ws/build/my_robot_controller/prefix_override:/home/pipi/ros2_ws/install/my_robot_controller/lib/python3.8/site-packages:${PYTHONPATH} /usr/bin/python3 setup.py develop --editable --build-directory /home/pipi/ros2_ws/build/my_robot_controller/build --no-deps install_data
[7.001s] INFO:colcon.colcon_core.shell:Creating environment hook '/home/pipi/ros2_ws/build/my_robot_controller/share/my_robot_controller/hook/pythonpath_develop.ps1'
[7.004s] INFO:colcon.colcon_core.shell:Creating environment descriptor '/home/pipi/ros2_ws/build/my_robot_controller/share/my_robot_controller/hook/pythonpath_develop.dsv'
[7.005s] INFO:colcon.colcon_core.shell:Creating environment hook '/home/pipi/ros2_ws/build/my_robot_controller/share/my_robot_controller/hook/pythonpath_develop.sh'
[7.261s] Level 1:colcon.colcon_core.environment:checking '/home/pipi/ros2_ws/install/my_robot_controller' for CMake module files
[7.263s] Level 1:colcon.colcon_core.environment:checking '/home/pipi/ros2_ws/install/my_robot_controller' for CMake config files
[7.265s] Level 1:colcon.colcon_core.environment:checking '/home/pipi/ros2_ws/install/my_robot_controller/lib'
[7.265s] Level 1:colcon.colcon_core.environment:checking '/home/pipi/ros2_ws/install/my_robot_controller/bin'
[7.265s] Level 1:colcon.colcon_core.environment:checking '/home/pipi/ros2_ws/install/my_robot_controller/lib/pkgconfig/my_robot_controller.pc'
[7.266s] Level 1:colcon.colcon_core.environment:checking '/home/pipi/ros2_ws/install/my_robot_controller/lib/python3.8/site-packages'
[7.266s] Level 1:colcon.colcon_core.shell:create_environment_hook('my_robot_controller', 'pythonpath')
[7.439s] INFO:colcon.colcon_core.shell:Creating environment hook '/home/pipi/ros2_ws/install/my_robot_controller/share/my_robot_controller/hook/pythonpath.ps1'
[7.441s] INFO:colcon.colcon_core.shell:Creating environment descriptor '/home/pipi/ros2_ws/install/my_robot_controller/share/my_robot_controller/hook/pythonpath.dsv'
[7.443s] INFO:colcon.colcon_core.shell:Creating environment hook '/home/pipi/ros2_ws/install/my_robot_controller/share/my_robot_controller/hook/pythonpath.sh'
[7.445s] Level 1:colcon.colcon_core.environment:checking '/home/pipi/ros2_ws/install/my_robot_controller/bin'
[7.450s] Level 1:colcon.colcon_core.environment:create_environment_scripts_only(my_robot_controller)
[7.559s] INFO:colcon.colcon_core.shell:Creating package script '/home/pipi/ros2_ws/install/my_robot_controller/share/my_robot_controller/package.ps1'
[7.562s] INFO:colcon.colcon_core.shell:Creating package descriptor '/home/pipi/ros2_ws/install/my_robot_controller/share/my_robot_controller/package.dsv'
[7.565s] INFO:colcon.colcon_core.shell:Creating package script '/home/pipi/ros2_ws/install/my_robot_controller/share/my_robot_controller/package.sh'
[7.568s] INFO:colcon.colcon_core.shell:Creating package script '/home/pipi/ros2_ws/install/my_robot_controller/share/my_robot_controller/package.bash'
[7.572s] INFO:colcon.colcon_core.shell:Creating package script '/home/pipi/ros2_ws/install/my_robot_controller/share/my_robot_controller/package.zsh'
[7.576s] Level 1:colcon.colcon_core.environment:create_file_with_runtime_dependencies(/home/pipi/ros2_ws/install/my_robot_controller/share/colcon-core/packages/my_robot_controller)
[7.577s] DEBUG:colcon.colcon_parallel_executor.executor.parallel:closing loop
[7.578s] DEBUG:colcon.colcon_parallel_executor.executor.parallel:loop closed
[7.578s] DEBUG:colcon.colcon_parallel_executor.executor.parallel:run_until_complete finished with '0'
[7.578s] DEBUG:colcon.colcon_core.event_reactor:joining thread
[7.697s] INFO:colcon.colcon_core.plugin_system:Skipping extension 'colcon_notification.desktop_notification.terminal_notifier': Not used on non-Darwin systems
[7.698s] INFO:colcon.colcon_core.plugin_system:Skipping extension 'colcon_notification.desktop_notification.win32': Not used on non-Windows systems
[7.698s] INFO:colcon.colcon_notification.desktop_notification:Sending desktop notification using 'notify2'
[7.754s] DEBUG:colcon.colcon_core.event_reactor:joined thread
[7.880s] INFO:colcon.colcon_core.shell:Creating prefix script '/home/pipi/ros2_ws/install/local_setup.ps1'
[7.883s] INFO:colcon.colcon_core.shell:Creating prefix util module '/home/pipi/ros2_ws/install/_local_setup_util_ps1.py'
[7.888s] INFO:colcon.colcon_core.shell:Creating prefix chain script '/home/pipi/ros2_ws/install/setup.ps1'
[7.972s] INFO:colcon.colcon_core.shell:Creating prefix script '/home/pipi/ros2_ws/install/local_setup.sh'
[7.974s] INFO:colcon.colcon_core.shell:Creating prefix util module '/home/pipi/ros2_ws/install/_local_setup_util_sh.py'
[7.975s] INFO:colcon.colcon_core.shell:Creating prefix chain script '/home/pipi/ros2_ws/install/setup.sh'
[8.037s] INFO:colcon.colcon_core.shell:Creating prefix script '/home/pipi/ros2_ws/install/local_setup.bash'
[8.040s] INFO:colcon.colcon_core.shell:Creating prefix chain script '/home/pipi/ros2_ws/install/setup.bash'
[8.093s] INFO:colcon.colcon_core.shell:Creating prefix script '/home/pipi/ros2_ws/install/local_setup.zsh'
[8.094s] INFO:colcon.colcon_core.shell:Creating prefix chain script '/home/pipi/ros2_ws/install/setup.zsh'
